setting 'ivy.default.settings.dir' to 'jar:file:/Users/gertjan/bin/sbt-launch.jar!/org/apache/ivy/core/settings'
setting 'ivy.basedir' to '/Users/gertjan/NetBeansProjects/booksweblift/.'
setting 'ivy.default.conf.dir' to 'jar:file:/Users/gertjan/bin/sbt-launch.jar!/org/apache/ivy/core/settings'
impossible to define new type: class not found: org.apache.ivy.plugins.version.PatternVersionMatcher in [] nor Ivy classloader
impossible to define new type: class not found: org.apache.ivy.plugins.trigger.LogTrigger in [] nor Ivy classloader
impossible to define new type: class not found: org.apache.ivy.plugins.resolver.VsftpResolver in [] nor Ivy classloader
impossible to define new type: class not found: org.apache.ivy.plugins.conflict.RegexpConflictManager in [] nor Ivy classloader
impossible to define new type: class not found: org.apache.ivy.plugins.resolver.SshResolver in [] nor Ivy classloader
impossible to define new type: class not found: org.apache.ivy.plugins.resolver.VfsResolver in [] nor Ivy classloader
impossible to define new type: class not found: org.apache.ivy.plugins.resolver.SFTPResolver in [] nor Ivy classloader
impossible to define new type: class not found: org.apache.ivy.plugins.resolver.packager.PackagerResolver in [] nor Ivy classloader
impossible to define new type: class not found: org.apache.ivy.ant.AntCallTrigger in [] nor Ivy classloader
impossible to define new type: class not found: org.apache.ivy.plugins.resolver.IvyRepResolver in [] nor Ivy classloader
impossible to define new type: class not found: org.apache.ivy.ant.AntBuildTrigger in [] nor Ivy classloader
impossible to define glob matcher: org.apache.ivy.plugins.matcher.GlobPatternMatcher was not found.
setting 'java.runtime.name' to 'Java(TM) SE Runtime Environment'
setting 'sun.boot.library.path' to '/System/Library/Java/JavaVirtualMachines/1.6.0.jdk/Contents/Libraries'
setting 'java.vm.version' to '19.1-b02-334'
setting 'awt.nativeDoubleBuffering' to 'true'
setting 'gopherProxySet' to 'false'
setting 'jline.terminal' to 'jline.UnsupportedTerminal'
setting 'mrj.build' to '10M3326'
setting 'java.vm.vendor' to 'Apple Inc.'
setting 'java.vendor.url' to 'http://www.apple.com/'
setting 'path.separator' to ':'
setting 'java.vm.name' to 'Java HotSpot(TM) 64-Bit Server VM'
setting 'file.encoding.pkg' to 'sun.io'
setting 'sun.java.launcher' to 'SUN_STANDARD'
setting 'user.country' to 'US'
setting 'sun.os.patch.level' to 'unknown'
setting 'java.vm.specification.name' to 'Java Virtual Machine Specification'
setting 'user.dir' to '/Users/gertjan/NetBeansProjects/booksweblift'
setting 'java.runtime.version' to '1.6.0_24-b07-334-10M3326'
setting 'java.awt.graphicsenv' to 'apple.awt.CGraphicsEnvironment'
setting 'java.endorsed.dirs' to '/System/Library/Java/JavaVirtualMachines/1.6.0.jdk/Contents/Home/lib/endorsed'
setting 'os.arch' to 'x86_64'
setting 'java.io.tmpdir' to '/var/folders/bo/boCE0kPTH7mY18Ftg-wl4++++TI/-Tmp-/'
setting 'line.separator' to '
'
setting 'java.vm.specification.vendor' to 'Sun Microsystems Inc.'
setting 'os.name' to 'Mac OS X'
setting 'sbt.log.noformat' to 'true'
setting 'sun.jnu.encoding' to 'MacRoman'
setting 'java.library.path' to '/Applications/IntelliJ IDEA 10 CE.app/Contents/Resources/Java:/System/Library/PrivateFrameworks/JavaApplicationLauncher.framework/Resources:.:/Library/Java/Extensions:/System/Library/Java/Extensions:/usr/lib/java'
setting 'java.specification.name' to 'Java Platform API Specification'
setting 'java.class.version' to '50.0'
setting 'sun.management.compiler' to 'HotSpot 64-Bit Server Compiler'
setting 'os.version' to '10.6.7'
setting 'http.nonProxyHosts' to 'local|*.local|169.254/16|*.169.254/16'
setting 'user.home' to '/Users/gertjan'
setting 'user.timezone' to 'Europe/Amsterdam'
setting 'java.awt.printerjob' to 'apple.awt.CPrinterJob'
setting 'file.encoding' to 'MacRoman'
setting 'java.specification.version' to '1.6'
setting 'java.class.path' to '/Users/gertjan/bin/sbt-launch.jar'
setting 'user.name' to 'gertjan'
setting 'java.vm.specification.version' to '1.0'
setting 'java.home' to '/System/Library/Java/JavaVirtualMachines/1.6.0.jdk/Contents/Home'
setting 'sun.arch.data.model' to '64'
setting 'user.language' to 'en'
setting 'java.specification.vendor' to 'Sun Microsystems Inc.'
setting 'awt.toolkit' to 'apple.awt.CToolkit'
setting 'java.vm.info' to 'mixed mode'
setting 'java.version' to '1.6.0_24'
setting 'java.ext.dirs' to '/Library/Java/Extensions:/System/Library/Java/Extensions:/System/Library/Java/JavaVirtualMachines/1.6.0.jdk/Contents/Home/lib/ext'
setting 'sun.boot.class.path' to '/System/Library/Java/JavaVirtualMachines/1.6.0.jdk/Contents/Classes/jsfd.jar:/System/Library/Java/JavaVirtualMachines/1.6.0.jdk/Contents/Classes/classes.jar:/System/Library/Frameworks/JavaVM.framework/Frameworks/JavaRuntimeSupport.framework/Resources/Java/JavaRuntimeSupport.jar:/System/Library/Java/JavaVirtualMachines/1.6.0.jdk/Contents/Classes/ui.jar:/System/Library/Java/JavaVirtualMachines/1.6.0.jdk/Contents/Classes/laf.jar:/System/Library/Java/JavaVirtualMachines/1.6.0.jdk/Contents/Classes/sunrsasign.jar:/System/Library/Java/JavaVirtualMachines/1.6.0.jdk/Contents/Classes/jsse.jar:/System/Library/Java/JavaVirtualMachines/1.6.0.jdk/Contents/Classes/jce.jar:/System/Library/Java/JavaVirtualMachines/1.6.0.jdk/Contents/Classes/charsets.jar'
setting 'java.vendor' to 'Apple Inc.'
setting 'file.separator' to '/'
setting 'java.vendor.url.bug' to 'http://bugreport.apple.com/'
setting 'sun.io.unicode.encoding' to 'UnicodeLittle'
setting 'sun.cpu.endian' to 'little'
setting 'mrj.version' to '1060.1.6.0_24-334'
setting 'socksNonProxyHosts' to 'local|*.local|169.254/16|*.169.254/16'
setting 'ftp.nonProxyHosts' to 'local|*.local|169.254/16|*.169.254/16'
setting 'sun.cpu.isalist' to ''
setting 'ivy.default.ivy.user.dir' to '/Users/gertjan/.ivy2'
setting 'ivy.home' to '/Users/gertjan/.ivy2'
no default ivy user dir defined: set to /Users/gertjan/.ivy2
setting 'ivy.cache.dir' to '/Users/gertjan/.ivy2/cache'
no default cache defined: set to /Users/gertjan/.ivy2/cache
setting 'ivy.basedir' to '/Users/gertjan/NetBeansProjects/booksweblift/project/boot'
setting 'basedir' to '/Users/gertjan/NetBeansProjects/booksweblift/project/boot'
setting 'scala' to '2.8.0'
:: resolving dependencies :: org.scala-tools.sbt#boot-app;1.0
	confs: [default]
	validate = true
	refresh = false
resolving dependencies for configuration 'default'
== resolving dependencies for org.scala-tools.sbt#boot-app;1.0 [default]
loadData of org.scala-tools.sbt#boot-app;1.0 of rootConf=default
== resolving dependencies org.scala-tools.sbt#boot-app;1.0->org.scala-tools.sbt#sbt_2.8.0;0.7.4 [default->default(compile)]
loadData of org.scala-tools.sbt#sbt_2.8.0;0.7.4 of rootConf=default
	using redefined-public to resolve org.scala-tools.sbt#sbt_2.8.0;0.7.4
redefined-public: Checking cache for: dependency: org.scala-tools.sbt#sbt_2.8.0;0.7.4 {default=[default(compile)]}
redefined-public: no namespace defined: using system
	no ivy file in cache for org.scala-tools.sbt#sbt_2.8.0;0.7.4: tried /Users/gertjan/.ivy2/cache/org.scala-tools.sbt/sbt_2.8.0/ivy-0.7.4.xml
redefined-public: no latest strategy defined: using default
local: no namespace defined: using system
	no ivy file in cache for org.scala-tools.sbt#sbt_2.8.0;0.7.4: tried /Users/gertjan/.ivy2/cache/org.scala-tools.sbt/sbt_2.8.0/ivy-0.7.4.xml
	 trying /Users/gertjan/.ivy2/local/org.scala-tools.sbt/sbt_2.8.0/0.7.4/ivys/ivy.xml
		tried /Users/gertjan/.ivy2/local/org.scala-tools.sbt/sbt_2.8.0/0.7.4/ivys/ivy.xml
	local: resource not reachable for org.scala-tools.sbt#sbt_2.8.0;0.7.4: res=/Users/gertjan/.ivy2/local/org.scala-tools.sbt/sbt_2.8.0/0.7.4/ivys/ivy.xml
	 trying /Users/gertjan/.ivy2/local/org.scala-tools.sbt/sbt_2.8.0/0.7.4/jars/sbt_2.8.0.jar
		tried /Users/gertjan/.ivy2/local/org.scala-tools.sbt/sbt_2.8.0/0.7.4/jars/sbt_2.8.0.jar
	local: resource not reachable for org.scala-tools.sbt#sbt_2.8.0;0.7.4: res=/Users/gertjan/.ivy2/local/org.scala-tools.sbt/sbt_2.8.0/0.7.4/jars/sbt_2.8.0.jar
	local: no ivy file nor artifact found for org.scala-tools.sbt#sbt_2.8.0;0.7.4
Maven2 Local: no namespace defined: using system
	no ivy file in cache for org.scala-tools.sbt#sbt_2.8.0;0.7.4: tried /Users/gertjan/.ivy2/cache/org.scala-tools.sbt/sbt_2.8.0/ivy-0.7.4.xml
	 trying file:///Users/gertjan/.m2/repository/org/scala-tools/sbt/sbt_2.8.0/0.7.4/sbt_2.8.0-0.7.4.pom
		tried file:///Users/gertjan/.m2/repository/org/scala-tools/sbt/sbt_2.8.0/0.7.4/sbt_2.8.0-0.7.4.pom
installing class org.apache.ivy.util.url.IvyAuthenticator
	Maven2 Local: resource not reachable for org/scala-tools/sbt#sbt_2.8.0;0.7.4: res=file:/Users/gertjan/.m2/repository/org/scala-tools/sbt/sbt_2.8.0/0.7.4/sbt_2.8.0-0.7.4.pom
	 trying file:///Users/gertjan/.m2/repository/org/scala-tools/sbt/sbt_2.8.0/0.7.4/sbt_2.8.0-0.7.4.jar
		tried file:///Users/gertjan/.m2/repository/org/scala-tools/sbt/sbt_2.8.0/0.7.4/sbt_2.8.0-0.7.4.jar
	Maven2 Local: resource not reachable for org/scala-tools/sbt#sbt_2.8.0;0.7.4: res=file:/Users/gertjan/.m2/repository/org/scala-tools/sbt/sbt_2.8.0/0.7.4/sbt_2.8.0-0.7.4.jar
	Maven2 Local: no ivy file nor artifact found for org.scala-tools.sbt#sbt_2.8.0;0.7.4
sbt-db: no namespace defined: using system
	no ivy file in cache for org.scala-tools.sbt#sbt_2.8.0;0.7.4: tried /Users/gertjan/.ivy2/cache/org.scala-tools.sbt/sbt_2.8.0/ivy-0.7.4.xml
	 trying http://databinder.net/repo/org.scala-tools.sbt/sbt_2.8.0/0.7.4/ivys/ivy.xml
		tried http://databinder.net/repo/org.scala-tools.sbt/sbt_2.8.0/0.7.4/ivys/ivy.xml
HTTP response status: 404 url=http://databinder.net/repo/org.scala-tools.sbt/sbt_2.8.0/0.7.4/ivys/ivy.xml
CLIENT ERROR: Not Found url=http://databinder.net/repo/org.scala-tools.sbt/sbt_2.8.0/0.7.4/ivys/ivy.xml
	sbt-db: resource not reachable for org.scala-tools.sbt#sbt_2.8.0;0.7.4: res=http://databinder.net/repo/org.scala-tools.sbt/sbt_2.8.0/0.7.4/ivys/ivy.xml
	 trying http://databinder.net/repo/org.scala-tools.sbt/sbt_2.8.0/0.7.4/jars/sbt_2.8.0.jar
		tried http://databinder.net/repo/org.scala-tools.sbt/sbt_2.8.0/0.7.4/jars/sbt_2.8.0.jar
HTTP response status: 404 url=http://databinder.net/repo/org.scala-tools.sbt/sbt_2.8.0/0.7.4/jars/sbt_2.8.0.jar
CLIENT ERROR: Not Found url=http://databinder.net/repo/org.scala-tools.sbt/sbt_2.8.0/0.7.4/jars/sbt_2.8.0.jar
	sbt-db: resource not reachable for org.scala-tools.sbt#sbt_2.8.0;0.7.4: res=http://databinder.net/repo/org.scala-tools.sbt/sbt_2.8.0/0.7.4/jars/sbt_2.8.0.jar
	sbt-db: no ivy file nor artifact found for org.scala-tools.sbt#sbt_2.8.0;0.7.4
Maven Central: no namespace defined: using system
	no ivy file in cache for org.scala-tools.sbt#sbt_2.8.0;0.7.4: tried /Users/gertjan/.ivy2/cache/org.scala-tools.sbt/sbt_2.8.0/ivy-0.7.4.xml
	 trying http://repo1.maven.org/maven2/org/scala-tools/sbt/sbt_2.8.0/0.7.4/sbt_2.8.0-0.7.4.pom
		tried http://repo1.maven.org/maven2/org/scala-tools/sbt/sbt_2.8.0/0.7.4/sbt_2.8.0-0.7.4.pom
HTTP response status: 404 url=http://repo1.maven.org/maven2/org/scala-tools/sbt/sbt_2.8.0/0.7.4/sbt_2.8.0-0.7.4.pom
CLIENT ERROR: Not Found url=http://repo1.maven.org/maven2/org/scala-tools/sbt/sbt_2.8.0/0.7.4/sbt_2.8.0-0.7.4.pom
	Maven Central: resource not reachable for org/scala-tools/sbt#sbt_2.8.0;0.7.4: res=http://repo1.maven.org/maven2/org/scala-tools/sbt/sbt_2.8.0/0.7.4/sbt_2.8.0-0.7.4.pom
	 trying http://repo1.maven.org/maven2/org/scala-tools/sbt/sbt_2.8.0/0.7.4/sbt_2.8.0-0.7.4.jar
		tried http://repo1.maven.org/maven2/org/scala-tools/sbt/sbt_2.8.0/0.7.4/sbt_2.8.0-0.7.4.jar
HTTP response status: 404 url=http://repo1.maven.org/maven2/org/scala-tools/sbt/sbt_2.8.0/0.7.4/sbt_2.8.0-0.7.4.jar
CLIENT ERROR: Not Found url=http://repo1.maven.org/maven2/org/scala-tools/sbt/sbt_2.8.0/0.7.4/sbt_2.8.0-0.7.4.jar
	Maven Central: resource not reachable for org/scala-tools/sbt#sbt_2.8.0;0.7.4: res=http://repo1.maven.org/maven2/org/scala-tools/sbt/sbt_2.8.0/0.7.4/sbt_2.8.0-0.7.4.jar
	Maven Central: no ivy file nor artifact found for org.scala-tools.sbt#sbt_2.8.0;0.7.4
Scala-Tools Maven2 Repository: no namespace defined: using system
	no ivy file in cache for org.scala-tools.sbt#sbt_2.8.0;0.7.4: tried /Users/gertjan/.ivy2/cache/org.scala-tools.sbt/sbt_2.8.0/ivy-0.7.4.xml
	 trying http://scala-tools.org/repo-releases/org/scala-tools/sbt/sbt_2.8.0/0.7.4/sbt_2.8.0-0.7.4.pom
		tried http://scala-tools.org/repo-releases/org/scala-tools/sbt/sbt_2.8.0/0.7.4/sbt_2.8.0-0.7.4.pom
HTTP response status: 404 url=http://scala-tools.org/repo-releases/org/scala-tools/sbt/sbt_2.8.0/0.7.4/sbt_2.8.0-0.7.4.pom
CLIENT ERROR: Not Found url=http://scala-tools.org/repo-releases/org/scala-tools/sbt/sbt_2.8.0/0.7.4/sbt_2.8.0-0.7.4.pom
	Scala-Tools Maven2 Repository: resource not reachable for org/scala-tools/sbt#sbt_2.8.0;0.7.4: res=http://scala-tools.org/repo-releases/org/scala-tools/sbt/sbt_2.8.0/0.7.4/sbt_2.8.0-0.7.4.pom
	 trying http://scala-tools.org/repo-releases/org/scala-tools/sbt/sbt_2.8.0/0.7.4/sbt_2.8.0-0.7.4.jar
		tried http://scala-tools.org/repo-releases/org/scala-tools/sbt/sbt_2.8.0/0.7.4/sbt_2.8.0-0.7.4.jar
HTTP response status: 404 url=http://scala-tools.org/repo-releases/org/scala-tools/sbt/sbt_2.8.0/0.7.4/sbt_2.8.0-0.7.4.jar
CLIENT ERROR: Not Found url=http://scala-tools.org/repo-releases/org/scala-tools/sbt/sbt_2.8.0/0.7.4/sbt_2.8.0-0.7.4.jar
	Scala-Tools Maven2 Repository: resource not reachable for org/scala-tools/sbt#sbt_2.8.0;0.7.4: res=http://scala-tools.org/repo-releases/org/scala-tools/sbt/sbt_2.8.0/0.7.4/sbt_2.8.0-0.7.4.jar
	Scala-Tools Maven2 Repository: no ivy file nor artifact found for org.scala-tools.sbt#sbt_2.8.0;0.7.4
Scala-Tools Maven2 Snapshots Repository: no namespace defined: using system
	no ivy file in cache for org.scala-tools.sbt#sbt_2.8.0;0.7.4: tried /Users/gertjan/.ivy2/cache/org.scala-tools.sbt/sbt_2.8.0/ivy-0.7.4.xml
	 trying http://scala-tools.org/repo-snapshots/org/scala-tools/sbt/sbt_2.8.0/0.7.4/sbt_2.8.0-0.7.4.pom
		tried http://scala-tools.org/repo-snapshots/org/scala-tools/sbt/sbt_2.8.0/0.7.4/sbt_2.8.0-0.7.4.pom
HTTP response status: 404 url=http://scala-tools.org/repo-snapshots/org/scala-tools/sbt/sbt_2.8.0/0.7.4/sbt_2.8.0-0.7.4.pom
CLIENT ERROR: Not Found url=http://scala-tools.org/repo-snapshots/org/scala-tools/sbt/sbt_2.8.0/0.7.4/sbt_2.8.0-0.7.4.pom
	Scala-Tools Maven2 Snapshots Repository: resource not reachable for org/scala-tools/sbt#sbt_2.8.0;0.7.4: res=http://scala-tools.org/repo-snapshots/org/scala-tools/sbt/sbt_2.8.0/0.7.4/sbt_2.8.0-0.7.4.pom
	 trying http://scala-tools.org/repo-snapshots/org/scala-tools/sbt/sbt_2.8.0/0.7.4/sbt_2.8.0-0.7.4.jar
		tried http://scala-tools.org/repo-snapshots/org/scala-tools/sbt/sbt_2.8.0/0.7.4/sbt_2.8.0-0.7.4.jar
HTTP response status: 404 url=http://scala-tools.org/repo-snapshots/org/scala-tools/sbt/sbt_2.8.0/0.7.4/sbt_2.8.0-0.7.4.jar
CLIENT ERROR: Not Found url=http://scala-tools.org/repo-snapshots/org/scala-tools/sbt/sbt_2.8.0/0.7.4/sbt_2.8.0-0.7.4.jar
	Scala-Tools Maven2 Snapshots Repository: resource not reachable for org/scala-tools/sbt#sbt_2.8.0;0.7.4: res=http://scala-tools.org/repo-snapshots/org/scala-tools/sbt/sbt_2.8.0/0.7.4/sbt_2.8.0-0.7.4.jar
	Scala-Tools Maven2 Snapshots Repository: no ivy file nor artifact found for org.scala-tools.sbt#sbt_2.8.0;0.7.4
WARN: 	module not found: org.scala-tools.sbt#sbt_2.8.0;0.7.4
WARN: ==== local: tried
WARN:   /Users/gertjan/.ivy2/local/org.scala-tools.sbt/sbt_2.8.0/0.7.4/ivys/ivy.xml
WARN:   -- artifact org.scala-tools.sbt#sbt_2.8.0;0.7.4!sbt_2.8.0.jar:
WARN:   /Users/gertjan/.ivy2/local/org.scala-tools.sbt/sbt_2.8.0/0.7.4/jars/sbt_2.8.0.jar
WARN: ==== Maven2 Local: tried
WARN:   file:///Users/gertjan/.m2/repository/org/scala-tools/sbt/sbt_2.8.0/0.7.4/sbt_2.8.0-0.7.4.pom
WARN:   -- artifact org.scala-tools.sbt#sbt_2.8.0;0.7.4!sbt_2.8.0.jar:
WARN:   file:///Users/gertjan/.m2/repository/org/scala-tools/sbt/sbt_2.8.0/0.7.4/sbt_2.8.0-0.7.4.jar
WARN: ==== sbt-db: tried
WARN:   http://databinder.net/repo/org.scala-tools.sbt/sbt_2.8.0/0.7.4/ivys/ivy.xml
WARN:   -- artifact org.scala-tools.sbt#sbt_2.8.0;0.7.4!sbt_2.8.0.jar:
WARN:   http://databinder.net/repo/org.scala-tools.sbt/sbt_2.8.0/0.7.4/jars/sbt_2.8.0.jar
WARN: ==== Maven Central: tried
WARN:   http://repo1.maven.org/maven2/org/scala-tools/sbt/sbt_2.8.0/0.7.4/sbt_2.8.0-0.7.4.pom
WARN:   -- artifact org.scala-tools.sbt#sbt_2.8.0;0.7.4!sbt_2.8.0.jar:
WARN:   http://repo1.maven.org/maven2/org/scala-tools/sbt/sbt_2.8.0/0.7.4/sbt_2.8.0-0.7.4.jar
WARN: ==== Scala-Tools Maven2 Repository: tried
WARN:   http://scala-tools.org/repo-releases/org/scala-tools/sbt/sbt_2.8.0/0.7.4/sbt_2.8.0-0.7.4.pom
WARN:   -- artifact org.scala-tools.sbt#sbt_2.8.0;0.7.4!sbt_2.8.0.jar:
WARN:   http://scala-tools.org/repo-releases/org/scala-tools/sbt/sbt_2.8.0/0.7.4/sbt_2.8.0-0.7.4.jar
WARN: ==== Scala-Tools Maven2 Snapshots Repository: tried
WARN:   http://scala-tools.org/repo-snapshots/org/scala-tools/sbt/sbt_2.8.0/0.7.4/sbt_2.8.0-0.7.4.pom
WARN:   -- artifact org.scala-tools.sbt#sbt_2.8.0;0.7.4!sbt_2.8.0.jar:
WARN:   http://scala-tools.org/repo-snapshots/org/scala-tools/sbt/sbt_2.8.0/0.7.4/sbt_2.8.0-0.7.4.jar
Nbr of module to sort : 0
	resolved ivy file produced in /Users/gertjan/.ivy2/cache/resolved-org.scala-tools.sbt-boot-app-1.0.xml
:: downloading artifacts ::
:: resolution report :: resolve 2201ms :: artifacts dl 0ms
WARN: 	::::::::::::::::::::::::::::::::::::::::::::::
WARN: 	::          UNRESOLVED DEPENDENCIES         ::
WARN: 	::::::::::::::::::::::::::::::::::::::::::::::
WARN: 	:: org.scala-tools.sbt#sbt_2.8.0;0.7.4: not found
WARN: 	::::::::::::::::::::::::::::::::::::::::::::::

Nbr of module to sort : 0
	report for org.scala-tools.sbt#boot-app;1.0 default produced in /Users/gertjan/.ivy2/cache/org.scala-tools.sbt-boot-app-default.xml
	resolve done (2201ms resolve - 0ms download)

:: problems summary ::
:::: WARNINGS
		module not found: org.scala-tools.sbt#sbt_2.8.0;0.7.4

	==== local: tried

	  /Users/gertjan/.ivy2/local/org.scala-tools.sbt/sbt_2.8.0/0.7.4/ivys/ivy.xml

	  -- artifact org.scala-tools.sbt#sbt_2.8.0;0.7.4!sbt_2.8.0.jar:

	  /Users/gertjan/.ivy2/local/org.scala-tools.sbt/sbt_2.8.0/0.7.4/jars/sbt_2.8.0.jar

	==== Maven2 Local: tried

	  file:///Users/gertjan/.m2/repository/org/scala-tools/sbt/sbt_2.8.0/0.7.4/sbt_2.8.0-0.7.4.pom

	  -- artifact org.scala-tools.sbt#sbt_2.8.0;0.7.4!sbt_2.8.0.jar:

	  file:///Users/gertjan/.m2/repository/org/scala-tools/sbt/sbt_2.8.0/0.7.4/sbt_2.8.0-0.7.4.jar

	==== sbt-db: tried

	  http://databinder.net/repo/org.scala-tools.sbt/sbt_2.8.0/0.7.4/ivys/ivy.xml

	  -- artifact org.scala-tools.sbt#sbt_2.8.0;0.7.4!sbt_2.8.0.jar:

	  http://databinder.net/repo/org.scala-tools.sbt/sbt_2.8.0/0.7.4/jars/sbt_2.8.0.jar

	==== Maven Central: tried

	  http://repo1.maven.org/maven2/org/scala-tools/sbt/sbt_2.8.0/0.7.4/sbt_2.8.0-0.7.4.pom

	  -- artifact org.scala-tools.sbt#sbt_2.8.0;0.7.4!sbt_2.8.0.jar:

	  http://repo1.maven.org/maven2/org/scala-tools/sbt/sbt_2.8.0/0.7.4/sbt_2.8.0-0.7.4.jar

	==== Scala-Tools Maven2 Repository: tried

	  http://scala-tools.org/repo-releases/org/scala-tools/sbt/sbt_2.8.0/0.7.4/sbt_2.8.0-0.7.4.pom

	  -- artifact org.scala-tools.sbt#sbt_2.8.0;0.7.4!sbt_2.8.0.jar:

	  http://scala-tools.org/repo-releases/org/scala-tools/sbt/sbt_2.8.0/0.7.4/sbt_2.8.0-0.7.4.jar

	==== Scala-Tools Maven2 Snapshots Repository: tried

	  http://scala-tools.org/repo-snapshots/org/scala-tools/sbt/sbt_2.8.0/0.7.4/sbt_2.8.0-0.7.4.pom

	  -- artifact org.scala-tools.sbt#sbt_2.8.0;0.7.4!sbt_2.8.0.jar:

	  http://scala-tools.org/repo-snapshots/org/scala-tools/sbt/sbt_2.8.0/0.7.4/sbt_2.8.0-0.7.4.jar

		::::::::::::::::::::::::::::::::::::::::::::::

		::          UNRESOLVED DEPENDENCIES         ::

		::::::::::::::::::::::::::::::::::::::::::::::

		:: org.scala-tools.sbt#sbt_2.8.0;0.7.4: not found

		::::::::::::::::::::::::::::::::::::::::::::::



:: USE VERBOSE OR DEBUG MESSAGE LEVEL FOR MORE DETAILS
java.lang.RuntimeException: not found
	at org.apache.ivy.core.resolve.IvyNode.loadData(IvyNode.java:238)
	at org.apache.ivy.core.resolve.VisitNode.loadData(VisitNode.java:274)
	at org.apache.ivy.core.resolve.ResolveEngine.fetchDependencies(ResolveEngine.java:671)
	at org.apache.ivy.core.resolve.ResolveEngine.doFetchDependencies(ResolveEngine.java:757)
	at org.apache.ivy.core.resolve.ResolveEngine.fetchDependencies(ResolveEngine.java:679)
	at org.apache.ivy.core.resolve.ResolveEngine.getDependencies(ResolveEngine.java:551)
	at org.apache.ivy.core.resolve.ResolveEngine.resolve(ResolveEngine.java:235)
	at xsbt.boot.Update.resolve(Update.scala:159)
	at xsbt.boot.Update.update(Update.scala:116)
	at xsbt.boot.Update.update(Update.scala:110)
	at xsbt.boot.Update.xsbt$boot$Update$$lockedApply(Update.scala:73)
	at xsbt.boot.Update$$anon$2.call(Update.scala:67)
	at xsbt.boot.Update$$anon$2.call(Update.scala:67)
	at xsbt.boot.Locks$GlobalLock.withChannel$1(Locks.scala:63)
	at xsbt.boot.Locks$GlobalLock$$anonfun$withFileLock$1.apply(Locks.scala:67)
	at xsbt.boot.Locks$GlobalLock$$anonfun$withFileLock$1.apply(Locks.scala:67)
	at xsbt.boot.Using$.withResource(Using.scala:11)
	at xsbt.boot.Using$.apply(Using.scala:10)
	at xsbt.boot.Locks$GlobalLock.withFileLock(Locks.scala:67)
	at xsbt.boot.Locks$GlobalLock.liftedTree1$1(Locks.scala:45)
	at xsbt.boot.Locks$GlobalLock.withLock(Locks.scala:45)
	at xsbt.boot.Locks$.apply(Locks.scala:31)
	at xsbt.boot.Update.apply(Update.scala:68)
	at xsbt.boot.Provider$initialize.call(Provider.scala:41)
	at xsbt.boot.Provider$initialize.call(Provider.scala:32)
	at xsbt.boot.Locks$GlobalLock.withChannel$1(Locks.scala:63)
	at xsbt.boot.Locks$GlobalLock$$anonfun$withFileLock$1.apply(Locks.scala:67)
	at xsbt.boot.Locks$GlobalLock$$anonfun$withFileLock$1.apply(Locks.scala:67)
	at xsbt.boot.Using$.withResource(Using.scala:11)
	at xsbt.boot.Using$.apply(Using.scala:10)
	at xsbt.boot.Locks$GlobalLock.withFileLock(Locks.scala:67)
	at xsbt.boot.Locks$GlobalLock.liftedTree1$1(Locks.scala:45)
	at xsbt.boot.Locks$GlobalLock.withLock(Locks.scala:45)
	at xsbt.boot.Locks$.apply(Locks.scala:31)
	at xsbt.boot.Provider$class.$init$(Provider.scala:31)
	at xsbt.boot.Launch$ScalaProvider$AppProvider.<init>(Launch.scala:100)
	at xsbt.boot.Launch$ScalaProvider.app(Launch.scala:98)
	at xsbt.boot.Launch$.run(Launch.scala:49)
	at xsbt.boot.Launch$$anonfun$explicit$1.apply(Launch.scala:42)
	at xsbt.boot.Launch$$anonfun$explicit$1.apply(Launch.scala:42)
	at xsbt.boot.Launch$.launch(Launch.scala:57)
	at xsbt.boot.Launch$.explicit(Launch.scala:42)
	at xsbt.boot.Launch$.initialized(Launch.scala:38)
	at xsbt.boot.Launch$.parsed(Launch.scala:31)
	at xsbt.boot.Launch$.configured(Launch.scala:21)
	at xsbt.boot.Launch$.apply(Launch.scala:16)
	at xsbt.boot.Launch$.apply(Launch.scala:13)
	at xsbt.boot.Boot$.runImpl(Boot.scala:24)
	at xsbt.boot.Boot$.run(Boot.scala:19)
	at xsbt.boot.Boot$.main(Boot.scala:15)
	at xsbt.boot.Boot.main(Boot.scala)
Error during sbt execution: Error retrieving required libraries
	at xsbt.boot.Pre$.error(Pre.scala:18)
	at xsbt.boot.Update.resolve(Update.scala:166)
	at xsbt.boot.Update.update(Update.scala:116)
	at xsbt.boot.Update.update(Update.scala:110)
	at xsbt.boot.Update.xsbt$boot$Update$$lockedApply(Update.scala:73)
	at xsbt.boot.Update$$anon$2.call(Update.scala:67)
	at xsbt.boot.Update$$anon$2.call(Update.scala:67)
	at xsbt.boot.Locks$GlobalLock.withChannel$1(Locks.scala:63)
	at xsbt.boot.Locks$GlobalLock$$anonfun$withFileLock$1.apply(Locks.scala:67)
	at xsbt.boot.Locks$GlobalLock$$anonfun$withFileLock$1.apply(Locks.scala:67)
	at xsbt.boot.Using$.withResource(Using.scala:11)
	at xsbt.boot.Using$.apply(Using.scala:10)
	at xsbt.boot.Locks$GlobalLock.withFileLock(Locks.scala:67)
	at xsbt.boot.Locks$GlobalLock.liftedTree1$1(Locks.scala:45)
	at xsbt.boot.Locks$GlobalLock.withLock(Locks.scala:45)
	at xsbt.boot.Locks$.apply(Locks.scala:31)
	at xsbt.boot.Update.apply(Update.scala:68)
	at xsbt.boot.Provider$initialize.call(Provider.scala:41)
	at xsbt.boot.Provider$initialize.call(Provider.scala:32)
	at xsbt.boot.Locks$GlobalLock.withChannel$1(Locks.scala:63)
	at xsbt.boot.Locks$GlobalLock$$anonfun$withFileLock$1.apply(Locks.scala:67)
	at xsbt.boot.Locks$GlobalLock$$anonfun$withFileLock$1.apply(Locks.scala:67)
	at xsbt.boot.Using$.withResource(Using.scala:11)
	at xsbt.boot.Using$.apply(Using.scala:10)
	at xsbt.boot.Locks$GlobalLock.withFileLock(Locks.scala:67)
	at xsbt.boot.Locks$GlobalLock.liftedTree1$1(Locks.scala:45)
	at xsbt.boot.Locks$GlobalLock.withLock(Locks.scala:45)
	at xsbt.boot.Locks$.apply(Locks.scala:31)
	at xsbt.boot.Provider$class.$init$(Provider.scala:31)
	at xsbt.boot.Launch$ScalaProvider$AppProvider.<init>(Launch.scala:100)
	at xsbt.boot.Launch$ScalaProvider.app(Launch.scala:98)
	at xsbt.boot.Launch$.run(Launch.scala:49)
	at xsbt.boot.Launch$$anonfun$explicit$1.apply(Launch.scala:42)
	at xsbt.boot.Launch$$anonfun$explicit$1.apply(Launch.scala:42)
	at xsbt.boot.Launch$.launch(Launch.scala:57)
	at xsbt.boot.Launch$.explicit(Launch.scala:42)
	at xsbt.boot.Launch$.initialized(Launch.scala:38)
	at xsbt.boot.Launch$.parsed(Launch.scala:31)
	at xsbt.boot.Launch$.configured(Launch.scala:21)
	at xsbt.boot.Launch$.apply(Launch.scala:16)
	at xsbt.boot.Launch$.apply(Launch.scala:13)
	at xsbt.boot.Boot$.runImpl(Boot.scala:24)
	at xsbt.boot.Boot$.run(Boot.scala:19)
	at xsbt.boot.Boot$.main(Boot.scala:15)
	at xsbt.boot.Boot.main(Boot.scala)
Error during sbt execution: Error retrieving required libraries
